
*** Running vivado
    with args -log receiver.vds -m64 -product Vivado -mode batch -messageDb vivado.pb -notrace -source receiver.tcl


****** Vivado v2023.1 (64-bit)
  **** SW Build 3865809 on Sun May  7 15:04:56 MDT 2023
  **** IP Build 3864474 on Sun May  7 20:36:21 MDT 2023
  **** SharedData Build 3865790 on Sun May 07 13:33:03 MDT 2023
    ** Copyright 1986-2022 Xilinx, Inc. All Rights Reserved.
    ** Copyright 2022-2023 Advanced Micro Devices, Inc. All Rights Reserved.

source receiver.tcl -notrace
create_project: Time (s): cpu = 00:00:05 ; elapsed = 00:00:06 . Memory (MB): peak = 1278.859 ; gain = 8.023 ; free physical = 9482 ; free virtual = 20908
Command: read_checkpoint -auto_incremental -incremental /home/elkhatir/Bureau/be_mac/BE_MAC/BE_MAC.srcs/utils_1/imports/synth_1/receiver.dcp
INFO: [Vivado 12-5825] Read reference checkpoint from /home/elkhatir/Bureau/be_mac/BE_MAC/BE_MAC.srcs/utils_1/imports/synth_1/receiver.dcp for incremental synthesis
INFO: [Vivado 12-7989] Please ensure there are no constraint changes
Command: synth_design -top receiver -part xc7a35tcpg236-1
Starting synth_design
Attempting to get a license for feature 'Synthesis' and/or device 'xc7a35t'
INFO: [Common 17-349] Got license for feature 'Synthesis' and/or device 'xc7a35t'
INFO: [Designutils 20-5440] No compile time benefit to using incremental synthesis; A full resynthesis will be run
INFO: [Designutils 20-4379] Flow is switching to default flow due to incremental criteria not met. If you would like to alter this behaviour and have the flow terminate instead, please set the following parameter config_implementation {autoIncr.Synth.RejectBehavior Terminate}
INFO: [Synth 8-7079] Multithreading enabled for synth_design using a maximum of 4 processes.
INFO: [Synth 8-7078] Launching helper process for spawning children vivado processes
INFO: [Synth 8-7075] Helper process launched with PID 34552
---------------------------------------------------------------------------------
Starting Synthesize : Time (s): cpu = 00:00:03 ; elapsed = 00:00:03 . Memory (MB): peak = 1700.285 ; gain = 382.738 ; free physical = 8803 ; free virtual = 20229
---------------------------------------------------------------------------------
INFO: [Synth 8-638] synthesizing module 'receiver' [/home/elkhatir/Bureau/be_mac/BE_MAC/BE_MAC.srcs/sources_1/new/main_process.vhd:64]
INFO: [Synth 8-256] done synthesizing module 'receiver' (0#1) [/home/elkhatir/Bureau/be_mac/BE_MAC/BE_MAC.srcs/sources_1/new/main_process.vhd:64]
WARNING: [Synth 8-7129] Port TLASTP in module receiver is either unconnected or has no load
---------------------------------------------------------------------------------
Finished Synthesize : Time (s): cpu = 00:00:04 ; elapsed = 00:00:05 . Memory (MB): peak = 1766.254 ; gain = 448.707 ; free physical = 8711 ; free virtual = 20138
---------------------------------------------------------------------------------
---------------------------------------------------------------------------------
Finished Constraint Validation : Time (s): cpu = 00:00:05 ; elapsed = 00:00:05 . Memory (MB): peak = 1784.066 ; gain = 466.520 ; free physical = 8707 ; free virtual = 20134
---------------------------------------------------------------------------------
---------------------------------------------------------------------------------
Start Loading Part and Timing Information
---------------------------------------------------------------------------------
Loading part: xc7a35tcpg236-1
INFO: [Device 21-403] Loading part xc7a35tcpg236-1
---------------------------------------------------------------------------------
Finished Loading Part and Timing Information : Time (s): cpu = 00:00:05 ; elapsed = 00:00:05 . Memory (MB): peak = 1792.070 ; gain = 474.523 ; free physical = 8707 ; free virtual = 20134
---------------------------------------------------------------------------------
---------------------------------------------------------------------------------
Finished RTL Optimization Phase 2 : Time (s): cpu = 00:00:05 ; elapsed = 00:00:06 . Memory (MB): peak = 1819.062 ; gain = 501.516 ; free physical = 8671 ; free virtual = 20099
---------------------------------------------------------------------------------
No constraint files found.
---------------------------------------------------------------------------------
Start RTL Component Statistics 
---------------------------------------------------------------------------------
Detailed RTL Component Info : 
+---Adders : 
	   2 Input   32 Bit       Adders := 3     
+---Registers : 
	               32 Bit    Registers := 3     
	                8 Bit    Registers := 1     
	                1 Bit    Registers := 11    
+---Muxes : 
	   3 Input   32 Bit        Muxes := 2     
	   2 Input   32 Bit        Muxes := 1     
	   2 Input    8 Bit        Muxes := 2     
	   3 Input    2 Bit        Muxes := 2     
	   2 Input    1 Bit        Muxes := 12    
	   4 Input    1 Bit        Muxes := 1     
---------------------------------------------------------------------------------
Finished RTL Component Statistics 
---------------------------------------------------------------------------------
---------------------------------------------------------------------------------
Start Part Resource Summary
---------------------------------------------------------------------------------
Part Resources:
DSPs: 90 (col length:60)
BRAMs: 100 (col length: RAMB18 60 RAMB36 30)
---------------------------------------------------------------------------------
Finished Part Resource Summary
---------------------------------------------------------------------------------
No constraint files found.
---------------------------------------------------------------------------------
Start Cross Boundary and Area Optimization
---------------------------------------------------------------------------------
WARNING: [Synth 8-7080] Parallel synthesis criteria is not met
WARNING: [Synth 8-7129] Port TLASTP in module receiver is either unconnected or has no load
---------------------------------------------------------------------------------
Finished Cross Boundary and Area Optimization : Time (s): cpu = 00:00:10 ; elapsed = 00:00:13 . Memory (MB): peak = 1940.609 ; gain = 623.062 ; free physical = 8532 ; free virtual = 19963
---------------------------------------------------------------------------------
No constraint files found.
---------------------------------------------------------------------------------
Start Timing Optimization
---------------------------------------------------------------------------------
---------------------------------------------------------------------------------
Finished Timing Optimization : Time (s): cpu = 00:00:10 ; elapsed = 00:00:13 . Memory (MB): peak = 1940.609 ; gain = 623.062 ; free physical = 8532 ; free virtual = 19963
---------------------------------------------------------------------------------
---------------------------------------------------------------------------------
Start Technology Mapping
---------------------------------------------------------------------------------
---------------------------------------------------------------------------------
Finished Technology Mapping : Time (s): cpu = 00:00:10 ; elapsed = 00:00:13 . Memory (MB): peak = 1940.609 ; gain = 623.062 ; free physical = 8532 ; free virtual = 19963
---------------------------------------------------------------------------------
---------------------------------------------------------------------------------
Start IO Insertion
---------------------------------------------------------------------------------
---------------------------------------------------------------------------------
Start Flattening Before IO Insertion
---------------------------------------------------------------------------------
---------------------------------------------------------------------------------
Finished Flattening Before IO Insertion
---------------------------------------------------------------------------------
---------------------------------------------------------------------------------
Start Final Netlist Cleanup
---------------------------------------------------------------------------------
---------------------------------------------------------------------------------
Finished Final Netlist Cleanup
---------------------------------------------------------------------------------
---------------------------------------------------------------------------------
Finished IO Insertion : Time (s): cpu = 00:00:13 ; elapsed = 00:00:16 . Memory (MB): peak = 1940.609 ; gain = 623.062 ; free physical = 8532 ; free virtual = 19963
---------------------------------------------------------------------------------
---------------------------------------------------------------------------------
Start Renaming Generated Instances
---------------------------------------------------------------------------------
---------------------------------------------------------------------------------
Finished Renaming Generated Instances : Time (s): cpu = 00:00:13 ; elapsed = 00:00:16 . Memory (MB): peak = 1940.609 ; gain = 623.062 ; free physical = 8532 ; free virtual = 19963
---------------------------------------------------------------------------------
---------------------------------------------------------------------------------
Start Rebuilding User Hierarchy
---------------------------------------------------------------------------------
---------------------------------------------------------------------------------
Finished Rebuilding User Hierarchy : Time (s): cpu = 00:00:13 ; elapsed = 00:00:16 . Memory (MB): peak = 1940.609 ; gain = 623.062 ; free physical = 8532 ; free virtual = 19963
---------------------------------------------------------------------------------
---------------------------------------------------------------------------------
Start Renaming Generated Ports
---------------------------------------------------------------------------------
---------------------------------------------------------------------------------
Finished Renaming Generated Ports : Time (s): cpu = 00:00:13 ; elapsed = 00:00:16 . Memory (MB): peak = 1940.609 ; gain = 623.062 ; free physical = 8532 ; free virtual = 19963
---------------------------------------------------------------------------------
---------------------------------------------------------------------------------
Start Handling Custom Attributes
---------------------------------------------------------------------------------
---------------------------------------------------------------------------------
Finished Handling Custom Attributes : Time (s): cpu = 00:00:13 ; elapsed = 00:00:16 . Memory (MB): peak = 1940.609 ; gain = 623.062 ; free physical = 8532 ; free virtual = 19963
---------------------------------------------------------------------------------
---------------------------------------------------------------------------------
Start Renaming Generated Nets
---------------------------------------------------------------------------------
---------------------------------------------------------------------------------
Finished Renaming Generated Nets : Time (s): cpu = 00:00:13 ; elapsed = 00:00:16 . Memory (MB): peak = 1940.609 ; gain = 623.062 ; free physical = 8532 ; free virtual = 19963
---------------------------------------------------------------------------------
---------------------------------------------------------------------------------
Start Writing Synthesis Report
---------------------------------------------------------------------------------

Report BlackBoxes: 
+-+--------------+----------+
| |BlackBox name |Instances |
+-+--------------+----------+
+-+--------------+----------+

Report Cell Usage: 
+------+-------+------+
|      |Cell   |Count |
+------+-------+------+
|1     |BUFG   |     1|
|2     |CARRY4 |    24|
|3     |LUT1   |    36|
|4     |LUT2   |    36|
|5     |LUT3   |    16|
|6     |LUT4   |    25|
|7     |LUT5   |    15|
|8     |LUT6   |    87|
|9     |FDRE   |   116|
|10    |FDSE   |     7|
|11    |IBUF   |    22|
|12    |OBUF   |    19|
|13    |OBUFT  |     8|
+------+-------+------+

Report Instance Areas: 
+------+---------+-------+------+
|      |Instance |Module |Cells |
+------+---------+-------+------+
|1     |top      |       |   412|
+------+---------+-------+------+
---------------------------------------------------------------------------------
Finished Writing Synthesis Report : Time (s): cpu = 00:00:13 ; elapsed = 00:00:16 . Memory (MB): peak = 1940.609 ; gain = 623.062 ; free physical = 8532 ; free virtual = 19963
---------------------------------------------------------------------------------
Synthesis finished with 0 errors, 0 critical warnings and 3 warnings.
Synthesis Optimization Runtime : Time (s): cpu = 00:00:13 ; elapsed = 00:00:16 . Memory (MB): peak = 1940.609 ; gain = 623.062 ; free physical = 8532 ; free virtual = 19962
Synthesis Optimization Complete : Time (s): cpu = 00:00:13 ; elapsed = 00:00:16 . Memory (MB): peak = 1940.617 ; gain = 623.062 ; free physical = 8532 ; free virtual = 19962
INFO: [Project 1-571] Translating synthesized netlist
Netlist sorting complete. Time (s): cpu = 00:00:00 ; elapsed = 00:00:00 . Memory (MB): peak = 1943.578 ; gain = 0.000 ; free physical = 8815 ; free virtual = 20246
INFO: [Netlist 29-17] Analyzing 24 Unisim elements for replacement
INFO: [Netlist 29-28] Unisim Transformation completed in 0 CPU seconds
INFO: [Project 1-570] Preparing netlist for logic optimization
INFO: [Opt 31-138] Pushed 0 inverter(s) to 0 load pin(s).
Netlist sorting complete. Time (s): cpu = 00:00:00 ; elapsed = 00:00:00 . Memory (MB): peak = 2076.293 ; gain = 0.000 ; free physical = 8759 ; free virtual = 20190
INFO: [Project 1-111] Unisim Transformation Summary:
No Unisim elements were transformed.

Synth Design complete | Checksum: 2bc5588e
INFO: [Common 17-83] Releasing license: Synthesis
18 Infos, 3 Warnings, 0 Critical Warnings and 0 Errors encountered.
synth_design completed successfully
synth_design: Time (s): cpu = 00:00:16 ; elapsed = 00:00:17 . Memory (MB): peak = 2076.293 ; gain = 770.621 ; free physical = 8759 ; free virtual = 20190
INFO: [Common 17-2834] synth_design peak Physical Memory [PSS] (MB): overall = 1470.262; main = 1333.007; forked = 381.878
INFO: [Common 17-2834] synth_design peak Virtual Memory [VSS] (MB): overall = 2797.012; main = 2076.297; forked = 977.945
INFO: [Common 17-1381] The checkpoint '/home/elkhatir/Bureau/be_mac/BE_MAC/BE_MAC.runs/synth_1/receiver.dcp' has been generated.
INFO: [runtcl-4] Executing : report_utilization -file receiver_utilization_synth.rpt -pb receiver_utilization_synth.pb
INFO: [Common 17-206] Exiting Vivado at Tue Mar  5 15:16:11 2024...
